<?xml version="1.0" encoding="UTF-8"?>
<!-- Generated by org.testng.reporters.JUnitReportReporter -->
<testsuite hostname="dsk027.vjil.com" name="com.iosmobileapp.ashford.tests.AT002_ValidateHelpCenterWithoutLoin" tests="1" failures="0" timestamp="29 Oct 2015 10:28:13 GMT" time="25.457" errors="0">
  <testcase name="test" time="25.457" classname="com.iosmobileapp.ashford.tests.AT002_ValidateHelpCenterWithoutLoin"/>
</testsuite> <!-- com.iosmobileapp.ashford.tests.AT002_ValidateHelpCenterWithoutLoin -->
