<?xml version="1.0" encoding="UTF-8"?>
<!-- Generated by org.testng.reporters.JUnitReportReporter -->
<testsuite name="com.iosmobileapp.ashford.tests.AT001_ValidateUserLogin" tests="1" failures="0" timestamp="5 Nov 2015 07:29:25 GMT" time="28.716" errors="0">
  <testcase name="ValidateUserLogin" time="28.716" classname="com.iosmobileapp.ashford.tests.AT001_ValidateUserLogin"/>
</testsuite> <!-- com.iosmobileapp.ashford.tests.AT001_ValidateUserLogin -->
