<?xml version="1.0" encoding="UTF-8"?>
<!-- Generated by org.testng.reporters.JUnitReportReporter -->
<testsuite hostname="dsk027.vjil.com" name="com.iosmobileapp.ashford.tests.AT001_ValidateUserLoginPage" tests="1" failures="0" timestamp="2 Nov 2015 14:50:42 GMT" time="66.408" errors="0">
  <testcase name="test" time="66.408" classname="com.iosmobileapp.ashford.tests.AT001_ValidateUserLoginPage"/>
</testsuite> <!-- com.iosmobileapp.ashford.tests.AT001_ValidateUserLoginPage -->
