<?xml version="1.0" encoding="UTF-8"?>
<!-- Generated by org.testng.reporters.JUnitReportReporter -->
<testsuite name="com.iosmobileapp.ashford.tests.AT005_ValidateThreeLineIconBar" tests="1" failures="0" timestamp="30 Oct 2015 09:00:27 GMT" time="90.089" errors="0">
  <testcase name="test" time="90.089" classname="com.iosmobileapp.ashford.tests.AT005_ValidateThreeLineIconBar"/>
</testsuite> <!-- com.iosmobileapp.ashford.tests.AT005_ValidateThreeLineIconBar -->
