<?xml version="1.0" encoding="UTF-8"?>
<!-- Generated by org.testng.reporters.JUnitReportReporter -->
<testsuite hostname="mac-winpc.vjil.com" name="com.iosmobileapp.automation.tests.AT001_VerifyTheLoginFunctionality" tests="1" failures="0" timestamp="13 Oct 2015 13:57:29 GMT" time="0.006" errors="0">
  <testcase name="test" time="0.006" classname="com.iosmobileapp.automation.tests.AT001_VerifyTheLoginFunctionality"/>
</testsuite> <!-- com.iosmobileapp.automation.tests.AT001_VerifyTheLoginFunctionality -->
