<?xml version="1.0" encoding="UTF-8"?>
<!-- Generated by org.testng.reporters.JUnitReportReporter -->
<testsuite name="com.iosmobileapp.tests.AT001_VerifyTheLoginFunctionality" tests="1" failures="0" timestamp="14 Oct 2015 10:41:53 GMT" time="121.676" errors="0">
  <testcase name="test" time="121.676" classname="com.iosmobileapp.tests.AT001_VerifyTheLoginFunctionality"/>
</testsuite> <!-- com.iosmobileapp.tests.AT001_VerifyTheLoginFunctionality -->
